<?xml version="1.0" encoding="UTF-8"?>
<!-- Generated by org.testng.reporters.JUnitReportReporter -->
<testsuite hostname="DESKTOP-4LRP0U2" failures="0" tests="1" name="com.TestClasses.TC003_ForgetPassWordPage" time="5.771" errors="0" timestamp="2024-09-04T19:00:31 IST" skipped="0">
  <testcase classname="com.TestClasses.TC003_ForgetPassWordPage" name="setForgetPassword" time="5.771"/>
  <system-out/>
</testsuite> <!-- com.TestClasses.TC003_ForgetPassWordPage -->
