<?xml version="1.0" encoding="UTF-8"?>
<!-- Generated by org.testng.reporters.JUnitReportReporter -->
<testsuite hostname="DESKTOP-4LRP0U2" failures="0" tests="1" name="com.TestClasses.TC004_SignUpPage" time="10.898" errors="0" timestamp="2024-09-04T22:24:10 IST" skipped="0">
  <testcase classname="com.TestClasses.TC004_SignUpPage" name="registerNow" time="10.898"/>
  <system-out/>
</testsuite> <!-- com.TestClasses.TC004_SignUpPage -->
