<?xml version="1.0" encoding="UTF-8"?>
<!-- Generated by org.testng.reporters.JUnitReportReporter -->
<testsuite hostname="DESKTOP-PRPOM4F" failures="0" tests="1" name="com.TestClasses.TC002_VendorLoginPage" time="1.507" errors="0" timestamp="2024-09-12T13:42:26 IST" skipped="0">
  <testcase classname="com.TestClasses.TC002_VendorLoginPage" name="vendorLogin" time="1.507"/>
  <system-out/>
</testsuite> <!-- com.TestClasses.TC002_VendorLoginPage -->
