<?xml version="1.0" encoding="UTF-8"?>
<!-- Generated by org.testng.reporters.JUnitReportReporter -->
<testsuite hostname="DESKTOP-PRPOM4F" failures="0" tests="3" name="com.TestClasses.TC004_SignUpPage" time="4.859" errors="0" timestamp="2024-09-22T16:08:29 IST" skipped="0">
  <testcase classname="com.TestClasses.TC004_SignUpPage" name="registerNowUIValidations" time="0.823"/>
  <system-out/>
  <testcase classname="com.TestClasses.TC004_SignUpPage" name="signUpFieldValidations" time="2.560"/>
  <system-out/>
  <testcase classname="com.TestClasses.TC004_SignUpPage" name="enterValuesForSignUP" time="1.476"/>
  <system-out/>
</testsuite> <!-- com.TestClasses.TC004_SignUpPage -->
