<?xml version="1.0" encoding="UTF-8"?>
<!-- Generated by org.testng.reporters.JUnitReportReporter -->
<testsuite hostname="DESKTOP-PRPOM4F" failures="0" tests="3" name="com.TestClasses.TC004_SignUpPage" time="6.021" errors="0" timestamp="2024-09-24T11:52:49 IST" skipped="0">
  <testcase classname="com.TestClasses.TC004_SignUpPage" name="registerNowUIValidations" time="1.149"/>
  <system-out/>
  <testcase classname="com.TestClasses.TC004_SignUpPage" name="signUpFieldValidations" time="3.170"/>
  <system-out/>
  <testcase classname="com.TestClasses.TC004_SignUpPage" name="enterValuesForSignUP" time="1.702"/>
  <system-out/>
</testsuite> <!-- com.TestClasses.TC004_SignUpPage -->
