<?xml version="1.0" encoding="UTF-8"?>
<!-- Generated by org.testng.reporters.JUnitReportReporter -->
<testsuite hostname="DESKTOP-PRPOM4F" failures="0" tests="1" name="com.TestClasses.TC001_PreLoginScreen" time="0.254" errors="0" timestamp="2024-09-11T16:54:11 IST" skipped="0">
  <testcase classname="com.TestClasses.TC001_PreLoginScreen" name="checkLoginScreen" time="0.254"/>
  <system-out/>
</testsuite> <!-- com.TestClasses.TC001_PreLoginScreen -->
