<?xml version="1.0" encoding="UTF-8"?>
<!-- Generated by org.testng.reporters.JUnitReportReporter -->
<testsuite hostname="DESKTOP-PRPOM4F" failures="0" tests="3" name="com.TestClasses.TC004_SignUpPage" time="4.961" errors="0" timestamp="2024-09-23T10:02:50 IST" skipped="0">
  <testcase classname="com.TestClasses.TC004_SignUpPage" name="registerNowUIValidations" time="1.278"/>
  <system-out/>
  <testcase classname="com.TestClasses.TC004_SignUpPage" name="signUpFieldValidations" time="2.412"/>
  <system-out/>
  <testcase classname="com.TestClasses.TC004_SignUpPage" name="enterValuesForSignUP" time="1.271"/>
  <system-out/>
</testsuite> <!-- com.TestClasses.TC004_SignUpPage -->
