<?xml version="1.0" encoding="UTF-8"?>
<!-- Generated by org.testng.reporters.JUnitReportReporter -->
<testsuite hostname="DESKTOP-PRPOM4F" failures="0" tests="1" name="com.TestClasses.TC002_VendorLoginPage" time="0.677" errors="0" timestamp="2024-09-11T17:18:07 IST" skipped="0">
  <testcase classname="com.TestClasses.TC002_VendorLoginPage" name="vendorLogin" time="0.677"/>
  <system-out/>
</testsuite> <!-- com.TestClasses.TC002_VendorLoginPage -->
