<?xml version="1.0" encoding="UTF-8"?>
<!-- Generated by org.testng.reporters.JUnitReportReporter -->
<testsuite hostname="DESKTOP-PRPOM4F" failures="0" tests="1" name="com.TestClasses.TC003_ForgetPassWordPage" time="0.979" errors="0" timestamp="2024-09-21T14:02:13 IST" skipped="0">
  <testcase classname="com.TestClasses.TC003_ForgetPassWordPage" name="verifyInvalidEmail" time="0.979"/>
  <system-out/>
</testsuite> <!-- com.TestClasses.TC003_ForgetPassWordPage -->
