<?xml version="1.0" encoding="UTF-8"?>
<!-- Generated by org.testng.reporters.JUnitReportReporter -->
<testsuite hostname="DESKTOP-4LRP0U2" failures="0" tests="1" name="com.TestClasses.LoginScreen" time="5.212" errors="0" timestamp="2024-09-04T15:54:43 IST" skipped="0">
  <testcase classname="com.TestClasses.LoginScreen" name="checkLoginScreen" time="5.212"/>
  <system-out/>
</testsuite> <!-- com.TestClasses.LoginScreen -->
