<?xml version="1.0" encoding="UTF-8"?>
<!-- Generated by org.testng.reporters.JUnitReportReporter -->
<testsuite hostname="DESKTOP-PRPOM4F" failures="0" tests="1" name="com.TestClasses.TC005_StaffLogin" time="16.209" errors="0" timestamp="2024-09-14T23:00:30 IST" skipped="0">
  <testcase classname="com.TestClasses.TC005_StaffLogin" name="signIn" time="16.209"/>
  <system-out/>
</testsuite> <!-- com.TestClasses.TC005_StaffLogin -->
