<?xml version="1.0" encoding="UTF-8"?>
<!-- Generated by org.testng.reporters.JUnitReportReporter -->
<testsuite hostname="DESKTOP-PRPOM4F" failures="0" tests="1" name="com.TestClasses.TC002_VendorLoginPage" time="4.892" errors="0" timestamp="2024-09-26T14:05:16 IST" skipped="0">
  <testcase classname="com.TestClasses.TC002_VendorLoginPage" name="verifyLoginPageWithValidCredentials" time="4.892"/>
  <system-out/>
</testsuite> <!-- com.TestClasses.TC002_VendorLoginPage -->
