<?xml version="1.0" encoding="UTF-8"?>
<!-- Generated by org.testng.reporters.JUnitReportReporter -->
<testsuite hostname="DESKTOP-4LRP0U2" failures="0" tests="1" name="com.TestClasses.VendorLoginPage" time="8.624" errors="0" timestamp="2024-09-04T16:51:38 IST" skipped="0">
  <testcase classname="com.TestClasses.VendorLoginPage" name="loginVendor" time="8.624"/>
  <system-out/>
</testsuite> <!-- com.TestClasses.VendorLoginPage -->
