<?xml version="1.0" encoding="UTF-8"?>
<!-- Generated by org.testng.reporters.JUnitReportReporter -->
<testsuite hostname="DESKTOP-PRPOM4F" failures="0" tests="1" name="com.TestClasses.TC001_PreLoginScreen" time="1.218" errors="0" timestamp="2024-09-13T11:30:54 IST" skipped="0">
  <testcase classname="com.TestClasses.TC001_PreLoginScreen" name="checkLoginScreen" time="1.218"/>
  <system-out/>
</testsuite> <!-- com.TestClasses.TC001_PreLoginScreen -->
