<?xml version="1.0" encoding="UTF-8"?>
<!-- Generated by org.testng.reporters.JUnitReportReporter -->
<testsuite hostname="DESKTOP-PRPOM4F" failures="0" tests="2" name="com.TestClasses.TC004_SignUpPage" time="2.455" errors="0" timestamp="2024-09-21T17:23:30 IST" skipped="0">
  <testcase classname="com.TestClasses.TC004_SignUpPage" name="registerNowUIValidations" time="0.900"/>
  <system-out/>
  <testcase classname="com.TestClasses.TC004_SignUpPage" name="signUpFieldValidations" time="1.555"/>
  <system-out/>
</testsuite> <!-- com.TestClasses.TC004_SignUpPage -->
